BQMM_Lib/build/outputs/logs/manifest-merger-debug-report.txt
-- Merging decision tree log ---
manifest
ADDED from NiceHub\BQMM_Lib\AndroidManifest.xml:2:1-6:12
INJECTED from NiceHub\BQMM_Lib\AndroidManifest.xml:2:1-6:12
INJECTED from NiceHub\BQMM_Lib\AndroidManifest.xml:2:1-6:12
INJECTED from NiceHub\BQMM_Lib\AndroidManifest.xml:2:1-6:12
INJECTED from NiceHub\BQMM_Lib\AndroidManifest.xml:2:1-6:12
INJECTED from NiceHub\BQMM_Lib\AndroidManifest.xml:2:1-6:12
INJECTED from NiceHub\BQMM_Lib\AndroidManifest.xml:2:1-6:12
	package
		ADDED from NiceHub\BQMM_Lib\AndroidManifest.xml:3:5-35
		INJECTED from NiceHub\BQMM_Lib\AndroidManifest.xml
		INJECTED from NiceHub\BQMM_Lib\AndroidManifest.xml
	android:versionName
		ADDED from NiceHub\BQMM_Lib\AndroidManifest.xml:5:5-30
		INJECTED from NiceHub\BQMM_Lib\AndroidManifest.xml
		INJECTED from NiceHub\BQMM_Lib\AndroidManifest.xml
	xmlns:android
		ADDED from NiceHub\BQMM_Lib\AndroidManifest.xml:2:11-69
	android:versionCode
		ADDED from NiceHub\BQMM_Lib\AndroidManifest.xml:4:5-28
		INJECTED from NiceHub\BQMM_Lib\AndroidManifest.xml
		INJECTED from NiceHub\BQMM_Lib\AndroidManifest.xml
uses-sdk
INJECTED from NiceHub\BQMM_Lib\AndroidManifest.xml reason: use-sdk injection requested
INJECTED from NiceHub\BQMM_Lib\AndroidManifest.xml
INJECTED from NiceHub\BQMM_Lib\AndroidManifest.xml
INJECTED from NiceHub\BQMM_Lib\AndroidManifest.xml
INJECTED from NiceHub\BQMM_Lib\AndroidManifest.xml
	android:targetSdkVersion
		INJECTED from NiceHub\BQMM_Lib\AndroidManifest.xml
		ADDED from NiceHub\BQMM_Lib\AndroidManifest.xml
		INJECTED from NiceHub\BQMM_Lib\AndroidManifest.xml
	android:minSdkVersion
		INJECTED from NiceHub\BQMM_Lib\AndroidManifest.xml
		ADDED from NiceHub\BQMM_Lib\AndroidManifest.xml
		INJECTED from NiceHub\BQMM_Lib\AndroidManifest.xml